<?xml version="1.0" encoding="UTF-8"?>
<testsuite name="com.example.decoratemycakebackend.domain.cake.CakeRepositoryTest" tests="1" skipped="0" failures="0" errors="0" timestamp="2024-03-14T12:17:09" hostname="minui-MacBookPro.local" time="0.251">
  <properties/>
  <testcase name="testCake()" classname="com.example.decoratemycakebackend.domain.cake.CakeRepositoryTest" time="0.251"/>
  <system-out><![CDATA[21:17:08.513 [Test worker] INFO org.springframework.test.context.support.AnnotationConfigContextLoaderUtils -- Could not detect default configuration classes for test class [com.example.decoratemycakebackend.domain.cake.CakeRepositoryTest]: CakeRepositoryTest does not declare any static, non-private, non-final, nested classes annotated with @Configuration.
21:17:08.548 [Test worker] INFO org.springframework.boot.test.context.SpringBootTestContextBootstrapper -- Found @SpringBootConfiguration com.example.decoratemycakebackend.DecorateMyCakeBackendTempApplication for test class com.example.decoratemycakebackend.domain.cake.CakeRepositoryTest
21:17:08,476 |-INFO in ch.qos.logback.classic.LoggerContext[default] - This is logback-classic version 1.4.14
21:17:08,477 |-INFO in ch.qos.logback.classic.util.ContextInitializer@1f1cae23 - Here is a list of configurators discovered as a service, by rank: 
21:17:08,477 |-INFO in ch.qos.logback.classic.util.ContextInitializer@1f1cae23 -   org.springframework.boot.logging.logback.RootLogLevelConfigurator
21:17:08,477 |-INFO in ch.qos.logback.classic.util.ContextInitializer@1f1cae23 - They will be invoked in order until ExecutionStatus.DO_NOT_INVOKE_NEXT_IF_ANY is returned.
21:17:08,477 |-INFO in ch.qos.logback.classic.util.ContextInitializer@1f1cae23 - Constructed configurator of type class org.springframework.boot.logging.logback.RootLogLevelConfigurator
21:17:08,480 |-INFO in ch.qos.logback.classic.util.ContextInitializer@1f1cae23 - org.springframework.boot.logging.logback.RootLogLevelConfigurator.configure() call lasted 0 milliseconds. ExecutionStatus=INVOKE_NEXT_IF_ANY
21:17:08,480 |-INFO in ch.qos.logback.classic.util.ContextInitializer@1f1cae23 - Trying to configure with ch.qos.logback.classic.joran.SerializedModelConfigurator
21:17:08,480 |-INFO in ch.qos.logback.classic.util.ContextInitializer@1f1cae23 - Constructed configurator of type class ch.qos.logback.classic.joran.SerializedModelConfigurator
21:17:08,480 |-INFO in ch.qos.logback.classic.LoggerContext[default] - Could NOT find resource [logback-test.scmo]
21:17:08,481 |-INFO in ch.qos.logback.classic.LoggerContext[default] - Could NOT find resource [logback.scmo]
21:17:08,481 |-INFO in ch.qos.logback.classic.util.ContextInitializer@1f1cae23 - ch.qos.logback.classic.joran.SerializedModelConfigurator.configure() call lasted 1 milliseconds. ExecutionStatus=INVOKE_NEXT_IF_ANY
21:17:08,481 |-INFO in ch.qos.logback.classic.util.ContextInitializer@1f1cae23 - Trying to configure with ch.qos.logback.classic.util.DefaultJoranConfigurator
21:17:08,481 |-INFO in ch.qos.logback.classic.util.ContextInitializer@1f1cae23 - Constructed configurator of type class ch.qos.logback.classic.util.DefaultJoranConfigurator
21:17:08,481 |-INFO in ch.qos.logback.classic.LoggerContext[default] - Could NOT find resource [logback-test.xml]
21:17:08,481 |-INFO in ch.qos.logback.classic.LoggerContext[default] - Could NOT find resource [logback.xml]
21:17:08,481 |-INFO in ch.qos.logback.classic.util.ContextInitializer@1f1cae23 - ch.qos.logback.classic.util.DefaultJoranConfigurator.configure() call lasted 0 milliseconds. ExecutionStatus=INVOKE_NEXT_IF_ANY
21:17:08,481 |-INFO in ch.qos.logback.classic.util.ContextInitializer@1f1cae23 - Trying to configure with ch.qos.logback.classic.BasicConfigurator
21:17:08,481 |-INFO in ch.qos.logback.classic.util.ContextInitializer@1f1cae23 - Constructed configurator of type class ch.qos.logback.classic.BasicConfigurator
21:17:08,481 |-INFO in ch.qos.logback.classic.BasicConfigurator@7c455e96 - Setting up default configuration.
21:17:08,485 |-INFO in ch.qos.logback.classic.util.ContextInitializer@1f1cae23 - ch.qos.logback.classic.BasicConfigurator.configure() call lasted 4 milliseconds. ExecutionStatus=NEUTRAL
21:17:08,677 |-INFO in ch.qos.logback.core.model.processor.AppenderModelHandler - Processing appender named [console]
21:17:08,677 |-INFO in ch.qos.logback.core.model.processor.AppenderModelHandler - About to instantiate appender of type [ch.qos.logback.core.ConsoleAppender]
21:17:08,679 |-INFO in ch.qos.logback.core.model.processor.ImplicitModelHandler - Assuming default type [ch.qos.logback.classic.encoder.PatternLayoutEncoder] for [encoder] property
21:17:08,683 |-WARN in ch.qos.logback.core.model.processor.AppenderModelHandler - Appender named [console-infolog] not referenced. Skipping further processing.
21:17:08,684 |-INFO in ch.qos.logback.classic.model.processor.LoggerModelHandler - Setting level of logger [com.study] to DEBUG
21:17:08,684 |-INFO in ch.qos.logback.classic.jul.LevelChangePropagator@53e3a87a - Propagating DEBUG level on Logger[com.study] onto the JUL framework
21:17:08,684 |-INFO in ch.qos.logback.classic.model.processor.LoggerModelHandler - Setting level of logger [jdbc.sqlonly] to INFO
21:17:08,684 |-INFO in ch.qos.logback.classic.jul.LevelChangePropagator@53e3a87a - Propagating INFO level on Logger[jdbc.sqlonly] onto the JUL framework
21:17:08,684 |-INFO in ch.qos.logback.classic.model.processor.LoggerModelHandler - Setting level of logger [jdbc.resultsettable] to INFO
21:17:08,684 |-INFO in ch.qos.logback.classic.jul.LevelChangePropagator@53e3a87a - Propagating INFO level on Logger[jdbc.resultsettable] onto the JUL framework
21:17:08,684 |-INFO in ch.qos.logback.classic.model.processor.RootLoggerModelHandler - Setting level of ROOT logger to OFF
21:17:08,684 |-INFO in ch.qos.logback.classic.jul.LevelChangePropagator@53e3a87a - Propagating OFF level on Logger[ROOT] onto the JUL framework
21:17:08,684 |-INFO in ch.qos.logback.core.model.processor.AppenderRefModelHandler - Attaching appender named [console] to Logger[ROOT]
21:17:08,684 |-INFO in ch.qos.logback.core.model.processor.DefaultProcessor@5fb7183b - End of configuration.
21:17:08,684 |-INFO in org.springframework.boot.logging.logback.SpringBootJoranConfigurator@476a736d - Registering current configuration as safe fallback point

  .   ____          _            __ _ _
 /\\ / ___'_ __ _ _(_)_ __  __ _ \ \ \ \
( ( )\___ | '_ | '_| | '_ \/ _` | \ \ \ \
 \\/  ___)| |_)| | | | | || (_| |  ) ) ) )
  '  |____| .__|_| |_|_| |_\__, | / / / /
 =========|_|==============|___/=/_/_/_/
 :: Spring Boot ::                (v3.2.3)

]]></system-out>
  <system-err><![CDATA[]]></system-err>
</testsuite>
